-------------------------------------------------------------------------------
Test set: ImmigrantTest
-------------------------------------------------------------------------------
Tests run: 4, Failures: 1, Errors: 0, Skipped: 0, Time elapsed: 0.015 s <<< FAILURE! - in ImmigrantTest
testSetStatus(ImmigrantTest)  Time elapsed: 0.002 s  <<< FAILURE!
java.lang.AssertionError: expected null, but was:<>
	at ImmigrantTest.testSetStatus(ImmigrantTest.java:66)

