-------------------------------------------------------------------------------
Test set: ImmigrantTest
-------------------------------------------------------------------------------
Tests run: 6, Failures: 0, Errors: 1, Skipped: 0, Time elapsed: 0.017 s <<< FAILURE! - in ImmigrantTest
testEquals(ImmigrantTest)  Time elapsed: 0.002 s  <<< ERROR!
java.lang.NullPointerException: Cannot invoke "String.equals(Object)" because "this.firstName" is null
	at ImmigrantTest.testEquals(ImmigrantTest.java:142)

