<?xml version="1.0" encoding="UTF-8"?>
<testsuite xmlns:xsi="http://www.w3.org/2001/XMLSchema-instance" xsi:noNamespaceSchemaLocation="https://maven.apache.org/surefire/maven-surefire-plugin/xsd/surefire-test-report.xsd" name="WorkflowTableTest" time="0" tests="8" errors="0" skipped="0" failures="0">
  <properties>
[...]
</properties>
  <testcase name="removeFirst1" classname="WorkflowTableTest" time="0"/>
  <testcase name="removeFirst2" classname="WorkflowTableTest" time="0"/>
  <testcase name="removeFirst3" classname="WorkflowTableTest" time="0"/>
  <testcase name="getFirst1" classname="WorkflowTableTest" time="0"/>
  <testcase name="getFirst2" classname="WorkflowTableTest" time="0"/>
  <testcase name="getFirst3" classname="WorkflowTableTest" time="0"/>
  <testcase name="setNext1" classname="WorkflowTableTest" time="0"/>
  <testcase name="setNext2" classname="WorkflowTableTest" time="0"/>
</testsuite>